<?xml version="1.0" encoding="UTF-8"?>
<!-- Generated by org.testng.reporters.JUnitXMLReporter -->
<testsuite ignored="0" hostname="DESKTOP-PP8RICL" failures="1" tests="3" name="Test" time="90.484" errors="0" timestamp="2024-11-11T15:09:41 BDT">
  <testcase classname="testCases.TC001_VerifyRegistration" name="verifyRegistration_TC001" time="12.057"/>
  <testcase classname="testCases.TC002_VerifyLogin" name="verifyLogin_TC002" time="3.6"/>
  <testcase classname="testCases.TC003_VerifyUpdateProfile" name="verifyUpdateProfile_TC003" time="5.778">
    <failure type="java.lang.AssertionError" message="Test failed due to an exception: element click intercepted: Element is not clickable at point (442, 711)
  (Session info: chrome=130.0.6723.117)
Build info: version: &amp;apos;4.24.0&amp;apos;, revision: &amp;apos;748ffc9bc3&amp;apos;
System info: os.name: &amp;apos;Windows 10&amp;apos;, os.arch: &amp;apos;amd64&amp;apos;, os.version: &amp;apos;10.0&amp;apos;, java.version: &amp;apos;17.0.9&amp;apos;
Driver info: org.openqa.selenium.chrome.ChromeDriver
Command: [88c127d8b2f5d6db01d2af157fc14870, clickElement {id=f.8DEEB2D680C5976863F7F79610F1CA0B.d.FC38727640AE57AE724140A9E6FF5993.e.102}]
Capabilities {acceptInsecureCerts: false, browserName: chrome, browserVersion: 130.0.6723.117, chrome: {chromedriverVersion: 130.0.6723.116 (6ac35f94ae3..., userDataDir: C:\Users\HP\AppData\Local\T...}, fedcm:accounts: true, goog:chromeOptions: {debuggerAddress: localhost:7711}, networkConnectionEnabled: false, pageLoadStrategy: normal, platformName: windows, proxy: Proxy(), se:cdp: ws://localhost:7711/devtool..., se:cdpVersion: 130.0.6723.117, setWindowRect: true, strictFileInteractability: false, timeouts: {implicit: 0, pageLoad: 300000, script: 30000}, unhandledPromptBehavior: dismiss and notify, webauthn:extension:credBlob: true, webauthn:extension:largeBlob: true, webauthn:extension:minPinLength: true, webauthn:extension:prf: true, webauthn:virtualAuthenticators: true}
Element: [[ChromeDriver: chrome on windows (88c127d8b2f5d6db01d2af157fc14870)] -&amp;gt; xpath: //input[@id=&amp;apos;radio-gender-male&amp;apos;]]
Session ID: 88c127d8b2f5d6db01d2af157fc14870">
      <![CDATA[java.lang.AssertionError: Test failed due to an exception: element click intercepted: Element is not clickable at point (442, 711)
  (Session info: chrome=130.0.6723.117)
Build info: version: '4.24.0', revision: '748ffc9bc3'
System info: os.name: 'Windows 10', os.arch: 'amd64', os.version: '10.0', java.version: '17.0.9'
Driver info: org.openqa.selenium.chrome.ChromeDriver
Command: [88c127d8b2f5d6db01d2af157fc14870, clickElement {id=f.8DEEB2D680C5976863F7F79610F1CA0B.d.FC38727640AE57AE724140A9E6FF5993.e.102}]
Capabilities {acceptInsecureCerts: false, browserName: chrome, browserVersion: 130.0.6723.117, chrome: {chromedriverVersion: 130.0.6723.116 (6ac35f94ae3..., userDataDir: C:\Users\HP\AppData\Local\T...}, fedcm:accounts: true, goog:chromeOptions: {debuggerAddress: localhost:7711}, networkConnectionEnabled: false, pageLoadStrategy: normal, platformName: windows, proxy: Proxy(), se:cdp: ws://localhost:7711/devtool..., se:cdpVersion: 130.0.6723.117, setWindowRect: true, strictFileInteractability: false, timeouts: {implicit: 0, pageLoad: 300000, script: 30000}, unhandledPromptBehavior: dismiss and notify, webauthn:extension:credBlob: true, webauthn:extension:largeBlob: true, webauthn:extension:minPinLength: true, webauthn:extension:prf: true, webauthn:virtualAuthenticators: true}
Element: [[ChromeDriver: chrome on windows (88c127d8b2f5d6db01d2af157fc14870)] -> xpath: //input[@id='radio-gender-male']]
Session ID: 88c127d8b2f5d6db01d2af157fc14870
at testCases.TC003_VerifyUpdateProfile.verifyUpdateProfile_TC003(TC003_VerifyUpdateProfile.java:50)
at java.base/java.util.ArrayList.forEach(ArrayList.java:1511)
... Removed 28 stack frames]]>
    </failure>
  </testcase> <!-- verifyUpdateProfile_TC003 -->
</testsuite> <!-- Test -->
