<?xml version="1.0" encoding="UTF-8"?>
<testng-results ignored="0" total="3" passed="2" failed="1" skipped="0">
  <reporter-output>
  </reporter-output>
  <suite started-at="2024-11-11T15:08:09 BDT" name="Master Suite" finished-at="2024-11-11T15:09:39 BDT" duration-ms="90484">
    <groups>
      <group name="Master">
        <method signature="TC001_VerifyRegistration.verifyRegistration_TC001()[pri:0, instance:testCases.TC001_VerifyRegistration@12bfd80d]" name="verifyRegistration_TC001" class="testCases.TC001_VerifyRegistration"/>
        <method signature="TC002_VerifyLogin.verifyLogin_TC002()[pri:0, instance:testCases.TC002_VerifyLogin@618c5d94]" name="verifyLogin_TC002" class="testCases.TC002_VerifyLogin"/>
        <method signature="TC003_VerifyUpdateProfile.verifyUpdateProfile_TC003()[pri:0, instance:testCases.TC003_VerifyUpdateProfile@5b40ceb]" name="verifyUpdateProfile_TC003" class="testCases.TC003_VerifyUpdateProfile"/>
      </group> <!-- Master -->
      <group name="Functional">
        <method signature="TC001_VerifyRegistration.verifyRegistration_TC001()[pri:0, instance:testCases.TC001_VerifyRegistration@12bfd80d]" name="verifyRegistration_TC001" class="testCases.TC001_VerifyRegistration"/>
        <method signature="TC002_VerifyLogin.verifyLogin_TC002()[pri:0, instance:testCases.TC002_VerifyLogin@618c5d94]" name="verifyLogin_TC002" class="testCases.TC002_VerifyLogin"/>
        <method signature="TC003_VerifyUpdateProfile.verifyUpdateProfile_TC003()[pri:0, instance:testCases.TC003_VerifyUpdateProfile@5b40ceb]" name="verifyUpdateProfile_TC003" class="testCases.TC003_VerifyUpdateProfile"/>
      </group> <!-- Functional -->
      <group name="Sanity">
        <method signature="TC001_VerifyRegistration.verifyRegistration_TC001()[pri:0, instance:testCases.TC001_VerifyRegistration@12bfd80d]" name="verifyRegistration_TC001" class="testCases.TC001_VerifyRegistration"/>
        <method signature="TC002_VerifyLogin.verifyLogin_TC002()[pri:0, instance:testCases.TC002_VerifyLogin@618c5d94]" name="verifyLogin_TC002" class="testCases.TC002_VerifyLogin"/>
        <method signature="TC003_VerifyUpdateProfile.verifyUpdateProfile_TC003()[pri:0, instance:testCases.TC003_VerifyUpdateProfile@5b40ceb]" name="verifyUpdateProfile_TC003" class="testCases.TC003_VerifyUpdateProfile"/>
      </group> <!-- Sanity -->
      <group name="Regression">
        <method signature="TC001_VerifyRegistration.verifyRegistration_TC001()[pri:0, instance:testCases.TC001_VerifyRegistration@12bfd80d]" name="verifyRegistration_TC001" class="testCases.TC001_VerifyRegistration"/>
        <method signature="TC002_VerifyLogin.verifyLogin_TC002()[pri:0, instance:testCases.TC002_VerifyLogin@618c5d94]" name="verifyLogin_TC002" class="testCases.TC002_VerifyLogin"/>
        <method signature="TC003_VerifyUpdateProfile.verifyUpdateProfile_TC003()[pri:0, instance:testCases.TC003_VerifyUpdateProfile@5b40ceb]" name="verifyUpdateProfile_TC003" class="testCases.TC003_VerifyUpdateProfile"/>
      </group> <!-- Regression -->
    </groups>
    <test started-at="2024-11-11T15:08:09 BDT" name="Test" finished-at="2024-11-11T15:09:39 BDT" duration-ms="90484">
      <class name="testCases.TC001_VerifyRegistration">
        <test-method is-config="true" signature="setup(java.lang.String,java.lang.String)[pri:0, instance:testCases.TC001_VerifyRegistration@12bfd80d]" started-at="2024-11-11T15:08:09 BDT" name="setup" finished-at="2024-11-11T15:08:20 BDT" duration-ms="10309" status="PASS">
          <params>
            <param index="0">
              <value>
                <![CDATA[Windows]]>
              </value>
            </param>
            <param index="1">
              <value>
                <![CDATA[chrome]]>
              </value>
            </param>
          </params>
          <reporter-output>
          </reporter-output>
        </test-method> <!-- setup -->
        <test-method signature="verifyRegistration_TC001()[pri:0, instance:testCases.TC001_VerifyRegistration@12bfd80d]" started-at="2024-11-11T15:08:20 BDT" name="verifyRegistration_TC001" finished-at="2024-11-11T15:08:32 BDT" duration-ms="12057" status="PASS">
          <reporter-output>
          </reporter-output>
        </test-method> <!-- verifyRegistration_TC001 -->
        <test-method is-config="true" signature="tearDown()[pri:0, instance:testCases.TC001_VerifyRegistration@12bfd80d]" started-at="2024-11-11T15:08:32 BDT" name="tearDown" finished-at="2024-11-11T15:08:32 BDT" duration-ms="0" status="PASS">
          <reporter-output>
          </reporter-output>
        </test-method> <!-- tearDown -->
      </class> <!-- testCases.TC001_VerifyRegistration -->
      <class name="testCases.TC003_VerifyUpdateProfile">
        <test-method is-config="true" signature="setup(java.lang.String,java.lang.String)[pri:0, instance:testCases.TC003_VerifyUpdateProfile@5b40ceb]" started-at="2024-11-11T15:09:22 BDT" name="setup" finished-at="2024-11-11T15:09:34 BDT" duration-ms="11743" status="PASS">
          <params>
            <param index="0">
              <value>
                <![CDATA[Windows]]>
              </value>
            </param>
            <param index="1">
              <value>
                <![CDATA[chrome]]>
              </value>
            </param>
          </params>
          <reporter-output>
          </reporter-output>
        </test-method> <!-- setup -->
        <test-method signature="verifyUpdateProfile_TC003()[pri:0, instance:testCases.TC003_VerifyUpdateProfile@5b40ceb]" started-at="2024-11-11T15:09:34 BDT" name="verifyUpdateProfile_TC003" finished-at="2024-11-11T15:09:39 BDT" duration-ms="5778" status="FAIL">
          <exception class="java.lang.AssertionError">
            <message>
              <![CDATA[Test failed due to an exception: element click intercepted: Element is not clickable at point (442, 711)
  (Session info: chrome=130.0.6723.117)
Build info: version: '4.24.0', revision: '748ffc9bc3'
System info: os.name: 'Windows 10', os.arch: 'amd64', os.version: '10.0', java.version: '17.0.9'
Driver info: org.openqa.selenium.chrome.ChromeDriver
Command: [88c127d8b2f5d6db01d2af157fc14870, clickElement {id=f.8DEEB2D680C5976863F7F79610F1CA0B.d.FC38727640AE57AE724140A9E6FF5993.e.102}]
Capabilities {acceptInsecureCerts: false, browserName: chrome, browserVersion: 130.0.6723.117, chrome: {chromedriverVersion: 130.0.6723.116 (6ac35f94ae3..., userDataDir: C:\Users\HP\AppData\Local\T...}, fedcm:accounts: true, goog:chromeOptions: {debuggerAddress: localhost:7711}, networkConnectionEnabled: false, pageLoadStrategy: normal, platformName: windows, proxy: Proxy(), se:cdp: ws://localhost:7711/devtool..., se:cdpVersion: 130.0.6723.117, setWindowRect: true, strictFileInteractability: false, timeouts: {implicit: 0, pageLoad: 300000, script: 30000}, unhandledPromptBehavior: dismiss and notify, webauthn:extension:credBlob: true, webauthn:extension:largeBlob: true, webauthn:extension:minPinLength: true, webauthn:extension:prf: true, webauthn:virtualAuthenticators: true}
Element: [[ChromeDriver: chrome on windows (88c127d8b2f5d6db01d2af157fc14870)] -> xpath: //input[@id='radio-gender-male']]
Session ID: 88c127d8b2f5d6db01d2af157fc14870]]>
            </message>
            <full-stacktrace>
              <![CDATA[java.lang.AssertionError: Test failed due to an exception: element click intercepted: Element is not clickable at point (442, 711)
  (Session info: chrome=130.0.6723.117)
Build info: version: '4.24.0', revision: '748ffc9bc3'
System info: os.name: 'Windows 10', os.arch: 'amd64', os.version: '10.0', java.version: '17.0.9'
Driver info: org.openqa.selenium.chrome.ChromeDriver
Command: [88c127d8b2f5d6db01d2af157fc14870, clickElement {id=f.8DEEB2D680C5976863F7F79610F1CA0B.d.FC38727640AE57AE724140A9E6FF5993.e.102}]
Capabilities {acceptInsecureCerts: false, browserName: chrome, browserVersion: 130.0.6723.117, chrome: {chromedriverVersion: 130.0.6723.116 (6ac35f94ae3..., userDataDir: C:\Users\HP\AppData\Local\T...}, fedcm:accounts: true, goog:chromeOptions: {debuggerAddress: localhost:7711}, networkConnectionEnabled: false, pageLoadStrategy: normal, platformName: windows, proxy: Proxy(), se:cdp: ws://localhost:7711/devtool..., se:cdpVersion: 130.0.6723.117, setWindowRect: true, strictFileInteractability: false, timeouts: {implicit: 0, pageLoad: 300000, script: 30000}, unhandledPromptBehavior: dismiss and notify, webauthn:extension:credBlob: true, webauthn:extension:largeBlob: true, webauthn:extension:minPinLength: true, webauthn:extension:prf: true, webauthn:virtualAuthenticators: true}
Element: [[ChromeDriver: chrome on windows (88c127d8b2f5d6db01d2af157fc14870)] -> xpath: //input[@id='radio-gender-male']]
Session ID: 88c127d8b2f5d6db01d2af157fc14870
at org.testng.Assert.fail(Assert.java:111)
at testCases.TC003_VerifyUpdateProfile.verifyUpdateProfile_TC003(TC003_VerifyUpdateProfile.java:50)
at java.base/jdk.internal.reflect.NativeMethodAccessorImpl.invoke0(Native Method)
at java.base/jdk.internal.reflect.NativeMethodAccessorImpl.invoke(NativeMethodAccessorImpl.java:77)
at java.base/jdk.internal.reflect.DelegatingMethodAccessorImpl.invoke(DelegatingMethodAccessorImpl.java:43)
at java.base/java.lang.reflect.Method.invoke(Method.java:568)
at org.testng.internal.invokers.MethodInvocationHelper.invokeMethod(MethodInvocationHelper.java:141)
at org.testng.internal.invokers.TestInvoker.invokeMethod(TestInvoker.java:686)
at org.testng.internal.invokers.TestInvoker.invokeTestMethod(TestInvoker.java:230)
at org.testng.internal.invokers.MethodRunner.runInSequence(MethodRunner.java:63)
at org.testng.internal.invokers.TestInvoker$MethodInvocationAgent.invoke(TestInvoker.java:992)
at org.testng.internal.invokers.TestInvoker.invokeTestMethods(TestInvoker.java:203)
at org.testng.internal.invokers.TestMethodWorker.invokeTestMethods(TestMethodWorker.java:154)
at org.testng.internal.invokers.TestMethodWorker.run(TestMethodWorker.java:134)
at java.base/java.util.ArrayList.forEach(ArrayList.java:1511)
at org.testng.TestRunner.privateRun(TestRunner.java:739)
at org.testng.TestRunner.run(TestRunner.java:614)
at org.testng.SuiteRunner.runTest(SuiteRunner.java:421)
at org.testng.SuiteRunner.runSequentially(SuiteRunner.java:413)
at org.testng.SuiteRunner.privateRun(SuiteRunner.java:373)
at org.testng.SuiteRunner.run(SuiteRunner.java:312)
at org.testng.SuiteRunnerWorker.runSuite(SuiteRunnerWorker.java:52)
at org.testng.SuiteRunnerWorker.run(SuiteRunnerWorker.java:95)
at org.testng.TestNG.runSuitesSequentially(TestNG.java:1274)
at org.testng.TestNG.runSuitesLocally(TestNG.java:1208)
at org.testng.TestNG.runSuites(TestNG.java:1112)
at org.testng.TestNG.run(TestNG.java:1079)
at org.testng.remote.AbstractRemoteTestNG.run(AbstractRemoteTestNG.java:115)
at org.testng.remote.RemoteTestNG.initAndRun(RemoteTestNG.java:293)
at org.testng.remote.RemoteTestNG.main(RemoteTestNG.java:91)
]]>
            </full-stacktrace>
          </exception> <!-- java.lang.AssertionError -->
          <reporter-output>
          </reporter-output>
        </test-method> <!-- verifyUpdateProfile_TC003 -->
        <test-method is-config="true" signature="tearDown()[pri:0, instance:testCases.TC003_VerifyUpdateProfile@5b40ceb]" started-at="2024-11-11T15:09:39 BDT" name="tearDown" finished-at="2024-11-11T15:09:39 BDT" duration-ms="0" status="PASS">
          <reporter-output>
          </reporter-output>
        </test-method> <!-- tearDown -->
      </class> <!-- testCases.TC003_VerifyUpdateProfile -->
      <class name="testCases.TC002_VerifyLogin">
        <test-method is-config="true" signature="setup(java.lang.String,java.lang.String)[pri:0, instance:testCases.TC002_VerifyLogin@618c5d94]" started-at="2024-11-11T15:08:32 BDT" name="setup" finished-at="2024-11-11T15:09:18 BDT" duration-ms="46523" status="PASS">
          <params>
            <param index="0">
              <value>
                <![CDATA[Windows]]>
              </value>
            </param>
            <param index="1">
              <value>
                <![CDATA[chrome]]>
              </value>
            </param>
          </params>
          <reporter-output>
          </reporter-output>
        </test-method> <!-- setup -->
        <test-method signature="verifyLogin_TC002()[pri:0, instance:testCases.TC002_VerifyLogin@618c5d94]" started-at="2024-11-11T15:09:18 BDT" name="verifyLogin_TC002" finished-at="2024-11-11T15:09:22 BDT" duration-ms="3600" status="PASS">
          <reporter-output>
          </reporter-output>
        </test-method> <!-- verifyLogin_TC002 -->
        <test-method is-config="true" signature="tearDown()[pri:0, instance:testCases.TC002_VerifyLogin@618c5d94]" started-at="2024-11-11T15:09:22 BDT" name="tearDown" finished-at="2024-11-11T15:09:22 BDT" duration-ms="0" status="PASS">
          <reporter-output>
          </reporter-output>
        </test-method> <!-- tearDown -->
      </class> <!-- testCases.TC002_VerifyLogin -->
    </test> <!-- Test -->
  </suite> <!-- Master Suite -->
</testng-results>
